<?xml version="1.0" encoding="UTF-8"?>
<coverage generated="1474354619478" clover="3.2.0">
  <project timestamp="1474354619478" name="All files">
    <metrics statements="6" coveredstatements="6" conditionals="4" coveredconditionals="4" methods="1" coveredmethods="1" elements="11" coveredelements="11" complexity="0" loc="6" ncloc="6" packages="1" files="1" classes="1">
      <file name="rdc.js" path="/Users/Lizzie/Desktop/asia/lredux/www/reducers/rdc.js">
        <metrics statements="6" coveredstatements="6" conditionals="4" coveredconditionals="4" methods="1" coveredmethods="1"/>
        <line num="1" count="1" type="stmt"/>
        <line num="2" count="4" type="stmt"/>
        <line num="4" count="1" type="stmt"/>
        <line num="6" count="1" type="stmt"/>
        <line num="8" count="2" type="stmt"/>
        <line num="12" count="1" type="stmt"/>
      </file>
    </metrics>
  </project>
</coverage>
