{"/Users/Lizzie/Desktop/asia/lredux/www/reducers/rdc.js": {"path":"/Users/Lizzie/Desktop/asia/lredux/www/reducers/rdc.js","statementMap":{"0":{"start":{"line":1,"column":14},"end":{"line":10,"column":1}},"1":{"start":{"line":2,"column":2},"end":{"line":9,"column":3}},"2":{"start":{"line":4,"column":6},"end":{"line":4,"column":22}},"3":{"start":{"line":6,"column":6},"end":{"line":6,"column":22}},"4":{"start":{"line":8,"column":6},"end":{"line":8,"column":18}},"5":{"start":{"line":12,"column":0},"end":{"line":12,"column":26}}},"fnMap":{"0":{"name":"(anonymous_0)","decl":{"start":{"line":1,"column":14},"end":{"line":1,"column":15}},"loc":{"start":{"line":1,"column":41},"end":{"line":10,"column":1}}}},"branchMap":{"0":{"loc":{"start":{"line":1,"column":23},"end":{"line":1,"column":32}},"type":"default-arg","locations":[{"start":{"line":1,"column":31},"end":{"line":1,"column":32}}]},"1":{"loc":{"start":{"line":2,"column":2},"end":{"line":9,"column":3}},"type":"switch","locations":[{"start":{"line":3,"column":4},"end":{"line":4,"column":22}},{"start":{"line":5,"column":4},"end":{"line":6,"column":22}},{"start":{"line":7,"column":4},"end":{"line":8,"column":18}}]}},"s":{"0":1,"1":4,"2":1,"3":1,"4":2,"5":1},"f":{"0":4},"b":{"0":[1],"1":[1,1,2]},"hash":"ce649a279165271aba8af1b887ffd6021ca458e4"}
}
